0 info it worked if it ends with ok
1 verbose cli [ '/usr/bin/nodejs', '/usr/bin/npm', 'publish' ]
2 info using npm@3.10.3
3 info using node@v6.6.0
4 verbose publish [ '.' ]
5 silly cache add args [ '.', null ]
6 verbose cache add spec .
7 silly cache add parsed spec Result {
7 silly cache add   raw: '.',
7 silly cache add   scope: null,
7 silly cache add   escapedName: null,
7 silly cache add   name: null,
7 silly cache add   rawSpec: '.',
7 silly cache add   spec: '/var/www/ready-js',
7 silly cache add   type: 'directory' }
8 verbose addLocalDirectory /root/.npm/ready.io/1.0.0/package.tgz not in flight; packing
9 verbose correctMkdir /root/.npm correctMkdir not in flight; initializing
10 info lifecycle ready.io@1.0.0~prepublish: ready.io@1.0.0
11 silly lifecycle ready.io@1.0.0~prepublish: no script for prepublish, continuing
12 verbose tar pack [ '/root/.npm/ready.io/1.0.0/package.tgz', '/var/www/ready-js' ]
13 verbose tarball /root/.npm/ready.io/1.0.0/package.tgz
14 verbose folder /var/www/ready-js
15 verbose addLocalTarball adding from inside cache /root/.npm/ready.io/1.0.0/package.tgz
16 verbose correctMkdir /root/.npm correctMkdir not in flight; initializing
17 silly cache afterAdd ready.io@1.0.0
18 verbose afterAdd /root/.npm/ready.io/1.0.0/package/package.json not in flight; writing
19 verbose correctMkdir /root/.npm correctMkdir not in flight; initializing
20 verbose afterAdd /root/.npm/ready.io/1.0.0/package/package.json written
21 silly publish { name: 'ready.io',
21 silly publish   version: '1.0.0',
21 silly publish   description: 'Ready.io framework for Javascript',
21 silly publish   main: 'index.js',
21 silly publish   scripts: { test: 'echo "Error: no test specified" && exit 1' },
21 silly publish   repository:
21 silly publish    { type: 'git',
21 silly publish      url: 'git+https://github.com/ready-io/ready-js.git' },
21 silly publish   keywords: [ 'ready.io' ],
21 silly publish   author:
21 silly publish    { name: 'Santiago Herrera Cardona',
21 silly publish      email: 'santiago.ready.io@gmail.com' },
21 silly publish   license: 'MIT',
21 silly publish   bugs: { url: 'https://github.com/ready-io/ready-js/issues' },
21 silly publish   homepage: 'https://github.com/ready-io/ready-js#readme',
21 silly publish   readme: '# ready-js\nReady.io framework for Javascript\n\n## License\nCopyright &copy; 2016 [Santiago Herrera Cardona](https://github.com/ready-io).\nLicensed under the [MIT License](LICENSE).\n',
21 silly publish   readmeFilename: 'README.md',
21 silly publish   gitHead: '33042644efc96416419c24d9b68ff1ea4625a89b',
21 silly publish   _id: 'ready.io@1.0.0',
21 silly publish   _shasum: '1784a49c50d6eda6d04dba6d76b2e8b08f876899',
21 silly publish   _from: '.' }
22 verbose getPublishConfig undefined
23 silly mapToRegistry name ready.io
24 silly mapToRegistry using default registry
25 silly mapToRegistry registry https://registry.npmjs.org/
26 silly mapToRegistry data Result {
26 silly mapToRegistry   raw: 'ready.io',
26 silly mapToRegistry   scope: null,
26 silly mapToRegistry   escapedName: 'ready.io',
26 silly mapToRegistry   name: 'ready.io',
26 silly mapToRegistry   rawSpec: '',
26 silly mapToRegistry   spec: 'latest',
26 silly mapToRegistry   type: 'tag' }
27 silly mapToRegistry uri https://registry.npmjs.org/ready.io
28 verbose publish registryBase https://registry.npmjs.org/
29 silly publish uploading /root/.npm/ready.io/1.0.0/package.tgz
30 verbose request uri https://registry.npmjs.org/ready.io
31 verbose request sending authorization for write operation
32 info attempt registry request try #1 at 00:28:00
33 verbose request using bearer token for auth
34 verbose request id e49ff2c420c670d9
35 http request PUT https://registry.npmjs.org/ready.io
36 http 403 https://registry.npmjs.org/ready.io
37 verbose headers { 'content-type': 'application/json',
37 verbose headers   'cache-control': 'max-age=300',
37 verbose headers   'content-length': '95',
37 verbose headers   'accept-ranges': 'bytes',
37 verbose headers   date: 'Tue, 27 Sep 2016 03:31:00 GMT',
37 verbose headers   via: '1.1 varnish',
37 verbose headers   connection: 'keep-alive',
37 verbose headers   'x-served-by': 'cache-iad2122-IAD',
37 verbose headers   'x-cache': 'MISS',
37 verbose headers   'x-cache-hits': '0',
37 verbose headers   'x-timer': 'S1474947060.411136,VS0,VE524',
37 verbose headers   vary: 'Accept-Encoding' }
38 verbose request invalidating /root/.npm/registry.npmjs.org/ready.io on PUT
39 error publish Failed PUT 403
40 verbose stack Error: "You cannot publish over the previously published version 1.0.0." : ready.io
40 verbose stack     at makeError (/usr/lib/node_modules/npm/node_modules/npm-registry-client/lib/request.js:264:12)
40 verbose stack     at CachingRegistryClient.<anonymous> (/usr/lib/node_modules/npm/node_modules/npm-registry-client/lib/request.js:252:14)
40 verbose stack     at Request._callback (/usr/lib/node_modules/npm/node_modules/npm-registry-client/lib/request.js:172:14)
40 verbose stack     at Request.self.callback (/usr/lib/node_modules/npm/node_modules/request/request.js:200:22)
40 verbose stack     at emitTwo (events.js:106:13)
40 verbose stack     at Request.emit (events.js:191:7)
40 verbose stack     at Request.<anonymous> (/usr/lib/node_modules/npm/node_modules/request/request.js:1067:10)
40 verbose stack     at emitOne (events.js:101:20)
40 verbose stack     at Request.emit (events.js:188:7)
40 verbose stack     at IncomingMessage.<anonymous> (/usr/lib/node_modules/npm/node_modules/request/request.js:988:12)
41 verbose statusCode 403
42 verbose pkgid ready.io
43 verbose cwd /var/www/ready-js
44 error Linux 3.19.0-25-generic
45 error argv "/usr/bin/nodejs" "/usr/bin/npm" "publish"
46 error node v6.6.0
47 error npm  v3.10.3
48 error code E403
49 error "You cannot publish over the previously published version 1.0.0." : ready.io
50 error If you need help, you may report this error at:
50 error     <https://github.com/npm/npm/issues>
51 verbose exit [ 1, true ]
